<?xml version="1.0" encoding="UTF-8"?>
<testng-results skipped="0" failed="0" ignored="0" total="1" passed="1">
  <reporter-output>
  </reporter-output>
  <suite name="Default suite" duration-ms="36992" started-at="2023-01-04T12:01:34 IST" finished-at="2023-01-04T12:02:11 IST">
    <groups>
    </groups>
    <test name="Default test" duration-ms="36992" started-at="2023-01-04T12:01:34 IST" finished-at="2023-01-04T12:02:11 IST">
      <class name="Task1Ferline">
        <test-method status="PASS" signature="ferline()[pri:0, instance:Task1Ferline@30b8a058]" name="ferline" duration-ms="36955" started-at="2023-01-04T12:01:34 IST" finished-at="2023-01-04T12:02:11 IST">
          <reporter-output>
          </reporter-output>
        </test-method> <!-- ferline -->
      </class> <!-- Task1Ferline -->
    </test> <!-- Default test -->
  </suite> <!-- Default suite -->
</testng-results>
